<?xml version="1.0" encoding="UTF-8"?>
<!-- Generated by org.testng.reporters.JUnitXMLReporter -->
<testsuite ignored="4" hostname="LTIN233254" failures="0" tests="20" name="ChromeTest" time="81.998" errors="0" timestamp="2024-03-04T09:54:22 IST">
  <testcase classname="testCases.TC_1_UpcomingBikes" name="verifyHomeTitle" time="0.566"/>
  <testcase classname="testCases.TC_1_UpcomingBikes" name="newBikesDropdown" time="0.181"/>
  <testcase classname="testCases.TC_1_UpcomingBikes" name="verifyUpcomingBikeOption" time="0.223"/>
  <testcase classname="testCases.TC_1_UpcomingBikes" name="upcomingBikes" time="20.669"/>
  <testcase classname="testCases.TC_1_UpcomingBikes" name="verifyUpcomingBikePageUrl" time="0.025"/>
  <testcase classname="testCases.TC_1_UpcomingBikes" name="manufacturersDropdown" time="1.031"/>
  <testcase classname="testCases.TC_1_UpcomingBikes" name="verifyHondaSelected" time="0.061"/>
  <testcase classname="testCases.TC_1_UpcomingBikes" name="viewMoreBikesclick" time="0.117"/>
  <testcase classname="testCases.TC_1_UpcomingBikes" name="ModelsLessThan4lakh" time="2.046"/>
  <testcase classname="testCases.TC_2_UsedCars" name="visibilityOfUsedCarsDropdown" time="0.596"/>
  <testcase classname="testCases.TC_2_UsedCars" name="usedCarsDropdown" time="0.14"/>
  <testcase classname="testCases.TC_2_UsedCars" name="selectChennaiUsedCars" time="17.036"/>
  <testcase classname="testCases.TC_2_UsedCars" name="popularModel" time="0.476"/>
  <testcase classname="testCases.TC_3_GoogleSignin" name="clickForum" time="22.621"/>
  <testcase classname="testCases.TC_3_GoogleSignin" name="verifyForumPageTitle" time="0.01"/>
  <testcase classname="testCases.TC_3_GoogleSignin" name="clickSignup" time="0.152"/>
  <testcase classname="testCases.TC_3_GoogleSignin" name="clickGoogle" time="0.926"/>
  <testcase classname="testCases.TC_3_GoogleSignin" name="signinWithEmail" time="1.242"/>
  <testcase classname="testCases.TC_3_GoogleSignin" name="emailNextButton" time="0.355"/>
  <testcase classname="testCases.TC_3_GoogleSignin" name="ErrorMessage" time="0.526"/>
  <testcase classname="testBase.BaseClass" name="@BeforeTest setup" time="0.0">
    <ignored/>
  </testcase> <!-- @BeforeTest setup -->
  <testcase classname="testBase.BaseClass" name="@BeforeTest setup" time="0.0">
    <ignored/>
  </testcase> <!-- @BeforeTest setup -->
  <testcase classname="testBase.BaseClass" name="@AfterTest tearDown" time="0.0">
    <ignored/>
  </testcase> <!-- @AfterTest tearDown -->
  <testcase classname="testBase.BaseClass" name="@AfterTest tearDown" time="0.0">
    <ignored/>
  </testcase> <!-- @AfterTest tearDown -->
</testsuite> <!-- ChromeTest -->
