<?xml version="1.0" encoding="UTF-8"?>
<!-- Generated by org.testng.reporters.JUnitXMLReporter -->
<testsuite ignored="4" hostname="LTIN233254" failures="0" tests="20" name="Test" time="40.825" errors="0" timestamp="2024-03-04T12:20:35 IST">
  <testcase classname="testCases.TC_1_UpcomingBikes" name="verifyHomeTitle" time="0.141"/>
  <testcase classname="testCases.TC_1_UpcomingBikes" name="newBikesDropdown" time="0.173"/>
  <testcase classname="testCases.TC_1_UpcomingBikes" name="verifyUpcomingBikeOption" time="0.065"/>
  <testcase classname="testCases.TC_1_UpcomingBikes" name="upcomingBikes" time="1.362"/>
  <testcase classname="testCases.TC_1_UpcomingBikes" name="verifyUpcomingBikePageUrl" time="0.172"/>
  <testcase classname="testCases.TC_1_UpcomingBikes" name="manufacturersDropdown" time="2.244"/>
  <testcase classname="testCases.TC_1_UpcomingBikes" name="verifyHondaSelected" time="0.08"/>
  <testcase classname="testCases.TC_1_UpcomingBikes" name="viewMoreBikesclick" time="0.224"/>
  <testcase classname="testCases.TC_1_UpcomingBikes" name="ModelsLessThan4lakh" time="4.984"/>
  <testcase classname="testCases.TC_2_UsedCars" name="visibilityOfUsedCarsDropdown" time="0.791"/>
  <testcase classname="testCases.TC_2_UsedCars" name="usedCarsDropdown" time="0.368"/>
  <testcase classname="testCases.TC_2_UsedCars" name="selectChennaiUsedCars" time="4.311"/>
  <testcase classname="testCases.TC_2_UsedCars" name="popularModel" time="0.595"/>
  <testcase classname="testCases.TC_3_GoogleSignin" name="clickForum" time="3.484"/>
  <testcase classname="testCases.TC_3_GoogleSignin" name="verifyForumPageTitle" time="0.008"/>
  <testcase classname="testCases.TC_3_GoogleSignin" name="clickSignup" time="0.223"/>
  <testcase classname="testCases.TC_3_GoogleSignin" name="clickGoogle" time="0.143"/>
  <testcase classname="testCases.TC_3_GoogleSignin" name="signinWithEmail" time="1.967"/>
  <testcase classname="testCases.TC_3_GoogleSignin" name="emailNextButton" time="0.505"/>
  <testcase classname="testCases.TC_3_GoogleSignin" name="ErrorMessage" time="0.174"/>
  <testcase classname="testBase.BaseClass" name="@BeforeTest setup" time="0.0">
    <ignored/>
  </testcase> <!-- @BeforeTest setup -->
  <testcase classname="testBase.BaseClass" name="@AfterTest tearDown" time="0.0">
    <ignored/>
  </testcase> <!-- @AfterTest tearDown -->
  <testcase classname="testBase.BaseClass" name="@BeforeTest setup" time="0.0">
    <ignored/>
  </testcase> <!-- @BeforeTest setup -->
  <testcase classname="testBase.BaseClass" name="@AfterTest tearDown" time="0.0">
    <ignored/>
  </testcase> <!-- @AfterTest tearDown -->
</testsuite> <!-- Test -->
