<?xml version="1.0" encoding="UTF-8"?>
<!-- Generated by org.testng.reporters.JUnitXMLReporter -->
<testsuite ignored="4" hostname="LTIN233254" failures="0" tests="20" name="Test" time="67.686" errors="0" timestamp="2024-03-04T12:37:19 IST">
  <testcase classname="testCases.TC_1_UpcomingBikes" name="verifyHomeTitle" time="0.164"/>
  <testcase classname="testCases.TC_1_UpcomingBikes" name="newBikesDropdown" time="0.182"/>
  <testcase classname="testCases.TC_1_UpcomingBikes" name="verifyUpcomingBikeOption" time="0.074"/>
  <testcase classname="testCases.TC_1_UpcomingBikes" name="upcomingBikes" time="0.874"/>
  <testcase classname="testCases.TC_1_UpcomingBikes" name="verifyUpcomingBikePageUrl" time="0.013"/>
  <testcase classname="testCases.TC_1_UpcomingBikes" name="manufacturersDropdown" time="1.52"/>
  <testcase classname="testCases.TC_1_UpcomingBikes" name="verifyHondaSelected" time="0.063"/>
  <testcase classname="testCases.TC_1_UpcomingBikes" name="viewMoreBikesclick" time="0.484"/>
  <testcase classname="testCases.TC_1_UpcomingBikes" name="ModelsLessThan4lakh" time="4.044"/>
  <testcase classname="testCases.TC_2_UsedCars" name="visibilityOfUsedCarsDropdown" time="0.654"/>
  <testcase classname="testCases.TC_2_UsedCars" name="usedCarsDropdown" time="0.526"/>
  <testcase classname="testCases.TC_2_UsedCars" name="selectChennaiUsedCars" time="5.141"/>
  <testcase classname="testCases.TC_2_UsedCars" name="popularModel" time="0.693"/>
  <testcase classname="testCases.TC_3_GoogleSignin" name="clickForum" time="2.686"/>
  <testcase classname="testCases.TC_3_GoogleSignin" name="verifyForumPageTitle" time="0.009"/>
  <testcase classname="testCases.TC_3_GoogleSignin" name="clickSignup" time="0.25"/>
  <testcase classname="testCases.TC_3_GoogleSignin" name="clickGoogle" time="0.216"/>
  <testcase classname="testCases.TC_3_GoogleSignin" name="signinWithEmail" time="2.169"/>
  <testcase classname="testCases.TC_3_GoogleSignin" name="emailNextButton" time="0.709"/>
  <testcase classname="testCases.TC_3_GoogleSignin" name="ErrorMessage" time="0.104"/>
  <testcase classname="testBase.BaseClass" name="@AfterTest tearDown" time="0.0">
    <ignored/>
  </testcase> <!-- @AfterTest tearDown -->
  <testcase classname="testBase.BaseClass" name="@BeforeTest setup" time="0.0">
    <ignored/>
  </testcase> <!-- @BeforeTest setup -->
  <testcase classname="testBase.BaseClass" name="@BeforeTest setup" time="0.0">
    <ignored/>
  </testcase> <!-- @BeforeTest setup -->
  <testcase classname="testBase.BaseClass" name="@AfterTest tearDown" time="0.0">
    <ignored/>
  </testcase> <!-- @AfterTest tearDown -->
</testsuite> <!-- Test -->
