<?xml version="1.0" encoding="UTF-8"?>
<testsuite xmlns:xsi="http://www.w3.org/2001/XMLSchema-instance" xsi:noNamespaceSchemaLocation="https://maven.apache.org/surefire/maven-surefire-plugin/xsd/surefire-test-report-3.0.xsd" version="3.0" name="TestSuite" time="69.226" tests="20" errors="0" skipped="0" failures="0">
  <properties>
[...]
</properties>
  <testcase name="verifyHomeTitle" classname="testCases.TC_1_UpcomingBikes" time="0.507"/>
  <testcase name="newBikesDropdown" classname="testCases.TC_1_UpcomingBikes" time="0.495"/>
  <testcase name="verifyUpcomingBikeOption" classname="testCases.TC_1_UpcomingBikes" time="0.34"/>
  <testcase name="upcomingBikes" classname="testCases.TC_1_UpcomingBikes" time="1.194"/>
  <testcase name="verifyUpcomingBikePageUrl" classname="testCases.TC_1_UpcomingBikes" time="0.318"/>
  <testcase name="manufacturersDropdown" classname="testCases.TC_1_UpcomingBikes" time="1.769"/>
  <testcase name="verifyHondaSelected" classname="testCases.TC_1_UpcomingBikes" time="0.535"/>
  <testcase name="viewMoreBikesclick" classname="testCases.TC_1_UpcomingBikes" time="0.877"/>
  <testcase name="ModelsLessThan4lakh" classname="testCases.TC_1_UpcomingBikes" time="5.141">
    <system-out><![CDATA[Honda CRF300L:Rs. 3.30 Lakh Launch Date : 30 Mar 2024
Honda Activa Electric:Rs. 1.10 Lakh Launch Date : Mar 2024
Honda Forza 350:Rs. 3.70 Lakh Launch Date : Mar 2024
Honda CB350 Cruiser:Rs. 2.30 Lakh Launch Date : Mar 2024
Honda Activa 7G:Rs. 79,000 Launch Date : Apr 2024
Honda PCX160:Rs. 1.20 Lakh Launch Date : Jun 2024
Honda CBR150R:Rs. 1.70 Lakh Launch Date : Unrevealed
Honda Rebel 300:Rs. 2.30 Lakh Launch Date : Unrevealed
Excel file has been generated successfully!
]]></system-out>
  </testcase>
  <testcase name="visibilityOfUsedCarsDropdown" classname="testCases.TC_2_UsedCars" time="0.96"/>
  <testcase name="usedCarsDropdown" classname="testCases.TC_2_UsedCars" time="1.091"/>
  <testcase name="selectChennaiUsedCars" classname="testCases.TC_2_UsedCars" time="5.404"/>
  <testcase name="popularModel" classname="testCases.TC_2_UsedCars" time="0.96">
    <system-out><![CDATA[Following is the list of Popular models:
Maruti 800
Maruti Swift Dzire
Maruti Swift
Hyundai I10
Hyundai Santro Xing
Honda City
Toyota Innova
Toyota Fortuner
Mahindra XUV500
]]></system-out>
  </testcase>
  <testcase name="clickForum" classname="testCases.TC_3_GoogleSignin" time="2.926"/>
  <testcase name="verifyForumPageTitle" classname="testCases.TC_3_GoogleSignin" time="0.755"/>
  <testcase name="clickSignup" classname="testCases.TC_3_GoogleSignin" time="0.598"/>
  <testcase name="clickGoogle" classname="testCases.TC_3_GoogleSignin" time="0.504"/>
  <testcase name="signinWithEmail" classname="testCases.TC_3_GoogleSignin" time="2.305"/>
  <testcase name="emailNextButton" classname="testCases.TC_3_GoogleSignin" time="0.909"/>
  <testcase name="ErrorMessage" classname="testCases.TC_3_GoogleSignin" time="0.259">
    <system-out><![CDATA[Enter a valid email or phone number
]]></system-out>
  </testcase>
</testsuite>